SQL> @q2
SQL> select /*+ LEADING(t1 t2) USE_NL(t2) */
  2         sum(t1.num), sum(t2.num)
  3  from   table1 t1
  4  join table2 t2 on (t1.id = t2.id);

SUM(T1.NUM) SUM(T2.NUM)
----------- -----------
          1          10

SQL>
SQL> @plan
SQL> set trims on
SQL> set linesize 200
SQL> set tab off
SQL> set pagesize 1000
SQL> column plan_table_output format a180
SQL>
SQL> SELECT *
  2  FROM table(DBMS_XPLAN.DISPLAY_CURSOR(FORMAT=>'TYPICAL'));

PLAN_TABLE_OUTPUT
------------------------------------------------------------------------------------------------------------------------------------------------------------------------------------
SQL_ID  1c899cktncv5m, child number 0
-------------------------------------
select /*+ LEADING(t1 t2) USE_NL(t2) */        sum(t1.num), sum(t2.num)
from   table1 t1 join table2 t2 on (t1.id = t2.id)

Plan hash value: 339338377

---------------------------------------------------------------------------------------------------
| Id  | Operation            | Name                       | Rows  | Bytes | Cost (%CPU)| Time     |
---------------------------------------------------------------------------------------------------
|   0 | SELECT STATEMENT     |                            |       |       |     4 (100)|          |
|   1 |  RESULT CACHE        | db11srrdf8ar4d06x4b1j674pp |       |       |            |          |
|   2 |   SORT AGGREGATE     |                            |     1 |    52 |            |          |
|*  3 |    HASH JOIN         |                            |     1 |    52 |     4   (0)| 00:00:01 |
|   4 |     TABLE ACCESS FULL| TABLE2                     |     1 |    26 |     2   (0)| 00:00:01 |
|   5 |     TABLE ACCESS FULL| TABLE1                     |  1000 | 26000 |     2   (0)| 00:00:01 |
---------------------------------------------------------------------------------------------------

Predicate Information (identified by operation id):
---------------------------------------------------

   3 - access("T1"."ID"="T2"."ID")

Result Cache Information (identified by operation id):
------------------------------------------------------

   1 -

Note
-----
   - dynamic statistics used: dynamic sampling (level=2)
   - automatic DOP: Computed Degree of Parallelism is 1 because of no expensive parallel operation


33 rows selected.

SQL>
SQL> spool off
